<?xml version="1.0" encoding="UTF-8"?>
<testng-results skipped="0" failed="0" ignored="0" total="1" passed="1">
  <reporter-output>
  </reporter-output>
  <suite name="Default suite" duration-ms="36038" started-at="2018-10-28T03:01:01Z" finished-at="2018-10-28T03:01:37Z">
    <groups>
    </groups>
    <test name="Default test" duration-ms="36038" started-at="2018-10-28T03:01:01Z" finished-at="2018-10-28T03:01:37Z">
      <class name="sampleTest.SampleTest">
        <test-method status="PASS" signature="loginTest()[pri:0, instance:sampleTest.SampleTest@157696f]" name="loginTest" duration-ms="35910" started-at="2018-10-28T03:01:01Z" finished-at="2018-10-28T03:01:37Z">
          <reporter-output>
          </reporter-output>
        </test-method> <!-- loginTest -->
      </class> <!-- sampleTest.SampleTest -->
    </test> <!-- Default test -->
  </suite> <!-- Default suite -->
</testng-results>
